#! /usr/bin/vvp
:ivl_version "10.3 (stable)";
:ivl_delay_selection "TYPICAL";
:vpi_time_precision - 12;
:vpi_module "system";
:vpi_module "vhdl_sys";
:vpi_module "v2005_math";
:vpi_module "va_math";
S_0x556798e7d9e0 .scope module, "ALU_TB" "ALU_TB" 2 4;
 .timescale -12 -12;
P_0x556798e42070 .param/l "ADD" 1 2 19, C4<000>;
P_0x556798e420b0 .param/l "AND" 1 2 23, C4<100>;
P_0x556798e420f0 .param/l "NOT" 1 2 25, C4<110>;
P_0x556798e42130 .param/l "OR" 1 2 24, C4<101>;
P_0x556798e42170 .param/l "SHIFTL" 1 2 22, C4<011>;
P_0x556798e421b0 .param/l "SHIFTR" 1 2 21, C4<010>;
P_0x556798e421f0 .param/l "SUBST" 1 2 20, C4<001>;
P_0x556798e42230 .param/l "XOR" 1 2 26, C4<111>;
v0x556798e94cb0_0 .var "in1_reg", 15 0;
v0x556798e94d90_0 .var "in2_reg", 15 0;
v0x556798e94e30_0 .var "mode_reg", 2 0;
S_0x556798e7db60 .scope module, "uut" "ALU" 2 10, 3 1 0, S_0x556798e7d9e0;
 .timescale 0 0;
    .port_info 0 /INPUT 16 "in1"
    .port_info 1 /INPUT 16 "in2"
    .port_info 2 /INPUT 3 "mode"
    .port_info 3 /OUTPUT 16 "out"
    .port_info 4 /OUTPUT 16 "flags"
P_0x556798e6a910 .param/l "ADD" 1 3 13, C4<000>;
P_0x556798e6a950 .param/l "AND" 1 3 17, C4<100>;
P_0x556798e6a990 .param/l "NOT" 1 3 19, C4<110>;
P_0x556798e6a9d0 .param/l "OR" 1 3 18, C4<101>;
P_0x556798e6aa10 .param/l "SHIFTL" 1 3 16, C4<011>;
P_0x556798e6aa50 .param/l "SHIFTR" 1 3 15, C4<010>;
P_0x556798e6aa90 .param/l "SUBST" 1 3 14, C4<001>;
P_0x556798e6aad0 .param/l "XOR" 1 3 20, C4<111>;
L_0x7fbd126f8018 .functor BUFT 1, C4<0000000000000000>, C4<0>, C4<0>, C4<0>;
v0x556798e6af60_0 .net/2u *"_s0", 15 0, L_0x7fbd126f8018;  1 drivers
v0x556798e941e0_0 .net *"_s2", 0 0, L_0x556798ea4f70;  1 drivers
L_0x7fbd126f8060 .functor BUFT 1, C4<0000000000000001>, C4<0>, C4<0>, C4<0>;
v0x556798e942a0_0 .net/2u *"_s4", 15 0, L_0x7fbd126f8060;  1 drivers
L_0x7fbd126f80a8 .functor BUFT 1, C4<0000000000000000>, C4<0>, C4<0>, C4<0>;
v0x556798e94360_0 .net/2u *"_s6", 15 0, L_0x7fbd126f80a8;  1 drivers
v0x556798e94440_0 .net *"_s8", 15 0, L_0x556798ea50d0;  1 drivers
o0x7fbd12741108 .functor BUFZ 16, C4<zzzzzzzzzzzzzzzz>; HiZ drive
v0x556798e94570_0 .net "flags", 15 0, o0x7fbd12741108;  0 drivers
v0x556798e94650_0 .net "in1", 15 0, v0x556798e94cb0_0;  1 drivers
v0x556798e94730_0 .net "in2", 15 0, v0x556798e94d90_0;  1 drivers
v0x556798e94810_0 .net "mode", 2 0, v0x556798e94e30_0;  1 drivers
v0x556798e948f0_0 .var "negative", 0 0;
v0x556798e949b0_0 .var "out", 15 0;
v0x556798e94a90_0 .var "overflow", 0 0;
v0x556798e94b50_0 .net "zero", 0 0, L_0x556798ea5290;  1 drivers
E_0x556798e77950 .event edge, v0x556798e94810_0, v0x556798e94650_0, v0x556798e94730_0;
L_0x556798ea4f70 .cmp/eq 16, v0x556798e949b0_0, L_0x7fbd126f8018;
L_0x556798ea50d0 .functor MUXZ 16, L_0x7fbd126f80a8, L_0x7fbd126f8060, L_0x556798ea4f70, C4<>;
L_0x556798ea5290 .part L_0x556798ea50d0, 0, 1;
    .scope S_0x556798e7db60;
T_0 ;
    %wait E_0x556798e77950;
    %load/vec4 v0x556798e94810_0;
    %dup/vec4;
    %pushi/vec4 0, 0, 3;
    %cmp/u;
    %jmp/1 T_0.0, 6;
    %dup/vec4;
    %pushi/vec4 1, 0, 3;
    %cmp/u;
    %jmp/1 T_0.1, 6;
    %dup/vec4;
    %pushi/vec4 2, 0, 3;
    %cmp/u;
    %jmp/1 T_0.2, 6;
    %dup/vec4;
    %pushi/vec4 3, 0, 3;
    %cmp/u;
    %jmp/1 T_0.3, 6;
    %dup/vec4;
    %pushi/vec4 4, 0, 3;
    %cmp/u;
    %jmp/1 T_0.4, 6;
    %dup/vec4;
    %pushi/vec4 5, 0, 3;
    %cmp/u;
    %jmp/1 T_0.5, 6;
    %dup/vec4;
    %pushi/vec4 6, 0, 3;
    %cmp/u;
    %jmp/1 T_0.6, 6;
    %dup/vec4;
    %pushi/vec4 7, 0, 3;
    %cmp/u;
    %jmp/1 T_0.7, 6;
    %pushi/vec4 0, 0, 16;
    %store/vec4 v0x556798e949b0_0, 0, 16;
    %pushi/vec4 0, 0, 1;
    %store/vec4 v0x556798e948f0_0, 0, 1;
    %pushi/vec4 0, 0, 1;
    %store/vec4 v0x556798e94a90_0, 0, 1;
    %jmp T_0.9;
T_0.0 ;
    %load/vec4 v0x556798e94650_0;
    %pad/u 17;
    %load/vec4 v0x556798e94730_0;
    %pad/u 17;
    %add;
    %split/vec4 16;
    %store/vec4 v0x556798e949b0_0, 0, 16;
    %store/vec4 v0x556798e94a90_0, 0, 1;
    %load/vec4 v0x556798e94650_0;
    %load/vec4 v0x556798e94730_0;
    %add;
    %store/vec4 v0x556798e949b0_0, 0, 16;
    %jmp T_0.9;
T_0.1 ;
    %load/vec4 v0x556798e94650_0;
    %pad/u 17;
    %load/vec4 v0x556798e94730_0;
    %pad/u 17;
    %inv;
    %add;
    %addi 1, 0, 17;
    %split/vec4 16;
    %store/vec4 v0x556798e949b0_0, 0, 16;
    %store/vec4 v0x556798e94a90_0, 0, 1;
    %load/vec4 v0x556798e94650_0;
    %load/vec4 v0x556798e94730_0;
    %add;
    %store/vec4 v0x556798e949b0_0, 0, 16;
    %jmp T_0.9;
T_0.2 ;
    %load/vec4 v0x556798e94650_0;
    %ix/getv 4, v0x556798e94730_0;
    %shiftr 4;
    %store/vec4 v0x556798e949b0_0, 0, 16;
    %jmp T_0.9;
T_0.3 ;
    %load/vec4 v0x556798e94650_0;
    %ix/getv 4, v0x556798e94730_0;
    %shiftl 4;
    %store/vec4 v0x556798e949b0_0, 0, 16;
    %jmp T_0.9;
T_0.4 ;
    %load/vec4 v0x556798e94650_0;
    %pushi/vec4 0, 0, 16;
    %cmp/e;
    %flag_get/vec4 4;
    %inv;
    %load/vec4 v0x556798e94730_0;
    %pushi/vec4 0, 0, 16;
    %cmp/e;
    %flag_get/vec4 4;
    %inv;
    %and;
    %pad/u 16;
    %store/vec4 v0x556798e949b0_0, 0, 16;
    %jmp T_0.9;
T_0.5 ;
    %load/vec4 v0x556798e94650_0;
    %pushi/vec4 0, 0, 16;
    %cmp/e;
    %flag_get/vec4 4;
    %inv;
    %load/vec4 v0x556798e94730_0;
    %pushi/vec4 0, 0, 16;
    %cmp/e;
    %flag_get/vec4 4;
    %inv;
    %or;
    %pad/u 16;
    %store/vec4 v0x556798e949b0_0, 0, 16;
    %jmp T_0.9;
T_0.6 ;
    %load/vec4 v0x556798e94650_0;
    %inv;
    %store/vec4 v0x556798e949b0_0, 0, 16;
    %jmp T_0.9;
T_0.7 ;
    %load/vec4 v0x556798e94650_0;
    %load/vec4 v0x556798e94730_0;
    %xor/r;
    %pad/u 16;
    %xor;
    %store/vec4 v0x556798e949b0_0, 0, 16;
    %jmp T_0.9;
T_0.9 ;
    %pop/vec4 1;
    %jmp T_0;
    .thread T_0, $push;
    .scope S_0x556798e7d9e0;
T_1 ;
    %pushi/vec4 0, 0, 3;
    %store/vec4 v0x556798e94e30_0, 0, 3;
    %pushi/vec4 200, 0, 16;
    %store/vec4 v0x556798e94cb0_0, 0, 16;
    %pushi/vec4 300, 0, 16;
    %store/vec4 v0x556798e94d90_0, 0, 16;
    %delay 20, 0;
    %pushi/vec4 3, 0, 3;
    %store/vec4 v0x556798e94e30_0, 0, 3;
    %pushi/vec4 240, 0, 16;
    %store/vec4 v0x556798e94cb0_0, 0, 16;
    %pushi/vec4 15, 0, 16;
    %store/vec4 v0x556798e94d90_0, 0, 16;
    %delay 20, 0;
    %end;
    .thread T_1;
    .scope S_0x556798e7d9e0;
T_2 ;
    %vpi_call 2 56 "$dumpfile", "ALU_TB.vcd" {0 0 0};
    %vpi_call 2 57 "$dumpvars", 32'sb11111111111111111111111111111111, S_0x556798e7db60 {0 0 0};
    %delay 1000, 0;
    %vpi_call 2 58 "$finish" {0 0 0};
    %end;
    .thread T_2;
# The file index is used to find the file name in the following table.
:file_names 4;
    "N/A";
    "<interactive>";
    "verilog/ALU/ALU_TB.v";
    "./verilog/ALU/ALU.v";
